<?xml version="1.0" encoding="UTF-8"?>
<!-- Generated by org.testng.reporters.JUnitReportReporter -->
<testsuite hostname="Saija" failures="0" tests="7" name="testCase.TestCases" time="51.751" errors="0" timestamp="2023-04-12T16:19:18 GMT-05:00" skipped="0">
  <testcase classname="testCase.TestCases" name="verifyMouseHover" time="6.163"/>
  <system-out/>
  <testcase classname="testCase.TestCases" name="verifyScrollDown" time="6.439"/>
  <system-out/>
  <testcase classname="testCase.TestCases" name="verifyCookiesHandle" time="5.433"/>
  <system-out/>
  <testcase classname="testCase.TestCases" name="verifySearchBar" time="6.039"/>
  <system-out/>
  <testcase classname="testCase.TestCases" name="verifyLoginWithValidCredential" time="15.214"/>
  <system-out/>
  <testcase classname="testCase.TestCases" name="verifyScrollup" time="5.568"/>
  <system-out/>
  <testcase classname="testCase.TestCases" name="verifyGetWindowHandle" time="6.895"/>
  <system-out/>
</testsuite> <!-- testCase.TestCases -->
